[INFO  - 2016-12-05T19:31:51.928Z] GhostDriver - Main - running on port 21778
[INFO  - 2016-12-05T19:31:52.917Z] Session [798f05f0-bb21-11e6-99e6-19c634072be7] - page.settings - {"XSSAuditingEnabled":false,"javascriptCanCloseWindows":true,"javascriptCanOpenWindows":true,"javascriptEnabled":true,"loadImages":true,"localToRemoteUrlAccessEnabled":false,"userAgent":"Mozilla/5.0 (Windows NT 6.2; WOW64) AppleWebKit/538.1 (KHTML, like Gecko) PhantomJS/2.0.0 Safari/538.1","webSecurityEnabled":true}
[INFO  - 2016-12-05T19:31:52.918Z] Session [798f05f0-bb21-11e6-99e6-19c634072be7] - page.customHeaders:  - {}
[INFO  - 2016-12-05T19:31:52.918Z] Session [798f05f0-bb21-11e6-99e6-19c634072be7] - Session.negotiatedCapabilities - {"browserName":"phantomjs","version":"2.0.0","driverName":"ghostdriver","driverVersion":"1.2.0","platform":"windows-8-32bit","javascriptEnabled":true,"takesScreenshot":true,"handlesAlerts":false,"databaseEnabled":false,"locationContextEnabled":false,"applicationCacheEnabled":false,"browserConnectionEnabled":false,"cssSelectorsEnabled":true,"webStorageEnabled":false,"rotatable":false,"acceptSslCerts":false,"nativeEvents":true,"proxy":{"proxyType":"direct"}}
[INFO  - 2016-12-05T19:31:52.918Z] SessionManagerReqHand - _postNewSessionCommand - New Session Created: 798f05f0-bb21-11e6-99e6-19c634072be7
[INFO  - 2016-12-05T19:31:53.408Z] ShutdownReqHand - _handle - About to shutdown
[INFO  - 2016-12-22T14:26:53.691Z] GhostDriver - Main - running on port 45649
[INFO  - 2016-12-22T14:26:54.288Z] Session [afbfb9b0-c852-11e6-bb84-2324187e3bb5] - page.settings - {"XSSAuditingEnabled":false,"javascriptCanCloseWindows":true,"javascriptCanOpenWindows":true,"javascriptEnabled":true,"loadImages":true,"localToRemoteUrlAccessEnabled":false,"userAgent":"Mozilla/5.0 (Windows NT 6.2; WOW64) AppleWebKit/538.1 (KHTML, like Gecko) PhantomJS/2.0.0 Safari/538.1","webSecurityEnabled":true}
[INFO  - 2016-12-22T14:26:54.288Z] Session [afbfb9b0-c852-11e6-bb84-2324187e3bb5] - page.customHeaders:  - {}
[INFO  - 2016-12-22T14:26:54.288Z] Session [afbfb9b0-c852-11e6-bb84-2324187e3bb5] - Session.negotiatedCapabilities - {"browserName":"phantomjs","version":"2.0.0","driverName":"ghostdriver","driverVersion":"1.2.0","platform":"windows-8-32bit","javascriptEnabled":true,"takesScreenshot":true,"handlesAlerts":false,"databaseEnabled":false,"locationContextEnabled":false,"applicationCacheEnabled":false,"browserConnectionEnabled":false,"cssSelectorsEnabled":true,"webStorageEnabled":false,"rotatable":false,"acceptSslCerts":false,"nativeEvents":true,"proxy":{"proxyType":"direct"}}
[INFO  - 2016-12-22T14:26:54.288Z] SessionManagerReqHand - _postNewSessionCommand - New Session Created: afbfb9b0-c852-11e6-bb84-2324187e3bb5
[INFO  - 2016-12-22T14:26:54.753Z] ShutdownReqHand - _handle - About to shutdown
[INFO  - 2016-12-22T14:31:27.590Z] GhostDriver - Main - running on port 41628
[INFO  - 2016-12-22T14:31:27.873Z] Session [52d154b0-c853-11e6-8a9b-35aaafc27bb3] - page.settings - {"XSSAuditingEnabled":false,"javascriptCanCloseWindows":true,"javascriptCanOpenWindows":true,"javascriptEnabled":true,"loadImages":true,"localToRemoteUrlAccessEnabled":false,"userAgent":"Mozilla/5.0 (Windows NT 6.2; WOW64) AppleWebKit/538.1 (KHTML, like Gecko) PhantomJS/2.0.0 Safari/538.1","webSecurityEnabled":true}
[INFO  - 2016-12-22T14:31:27.873Z] Session [52d154b0-c853-11e6-8a9b-35aaafc27bb3] - page.customHeaders:  - {}
[INFO  - 2016-12-22T14:31:27.873Z] Session [52d154b0-c853-11e6-8a9b-35aaafc27bb3] - Session.negotiatedCapabilities - {"browserName":"phantomjs","version":"2.0.0","driverName":"ghostdriver","driverVersion":"1.2.0","platform":"windows-8-32bit","javascriptEnabled":true,"takesScreenshot":true,"handlesAlerts":false,"databaseEnabled":false,"locationContextEnabled":false,"applicationCacheEnabled":false,"browserConnectionEnabled":false,"cssSelectorsEnabled":true,"webStorageEnabled":false,"rotatable":false,"acceptSslCerts":false,"nativeEvents":true,"proxy":{"proxyType":"direct"}}
[INFO  - 2016-12-22T14:31:27.873Z] SessionManagerReqHand - _postNewSessionCommand - New Session Created: 52d154b0-c853-11e6-8a9b-35aaafc27bb3
[INFO  - 2016-12-22T14:31:28.169Z] ShutdownReqHand - _handle - About to shutdown
[INFO  - 2016-12-22T14:34:23.050Z] GhostDriver - Main - running on port 35415
[INFO  - 2016-12-22T14:34:23.386Z] Session [bb6e7d40-c853-11e6-8818-73b6c356672d] - page.settings - {"XSSAuditingEnabled":false,"javascriptCanCloseWindows":true,"javascriptCanOpenWindows":true,"javascriptEnabled":true,"loadImages":true,"localToRemoteUrlAccessEnabled":false,"userAgent":"Mozilla/5.0 (Windows NT 6.2; WOW64) AppleWebKit/538.1 (KHTML, like Gecko) PhantomJS/2.0.0 Safari/538.1","webSecurityEnabled":true}
[INFO  - 2016-12-22T14:34:23.386Z] Session [bb6e7d40-c853-11e6-8818-73b6c356672d] - page.customHeaders:  - {}
[INFO  - 2016-12-22T14:34:23.386Z] Session [bb6e7d40-c853-11e6-8818-73b6c356672d] - Session.negotiatedCapabilities - {"browserName":"phantomjs","version":"2.0.0","driverName":"ghostdriver","driverVersion":"1.2.0","platform":"windows-8-32bit","javascriptEnabled":true,"takesScreenshot":true,"handlesAlerts":false,"databaseEnabled":false,"locationContextEnabled":false,"applicationCacheEnabled":false,"browserConnectionEnabled":false,"cssSelectorsEnabled":true,"webStorageEnabled":false,"rotatable":false,"acceptSslCerts":false,"nativeEvents":true,"proxy":{"proxyType":"direct"}}
[INFO  - 2016-12-22T14:34:23.386Z] SessionManagerReqHand - _postNewSessionCommand - New Session Created: bb6e7d40-c853-11e6-8818-73b6c356672d
[INFO  - 2016-12-22T14:34:23.682Z] ShutdownReqHand - _handle - About to shutdown
[INFO  - 2016-12-22T14:39:54.243Z] GhostDriver - Main - running on port 42232
[INFO  - 2016-12-22T14:39:54.480Z] Session [80c793b0-c854-11e6-9a91-1b18f294a869] - page.settings - {"XSSAuditingEnabled":false,"javascriptCanCloseWindows":true,"javascriptCanOpenWindows":true,"javascriptEnabled":true,"loadImages":true,"localToRemoteUrlAccessEnabled":false,"userAgent":"Mozilla/5.0 (Windows NT 6.2; WOW64) AppleWebKit/538.1 (KHTML, like Gecko) PhantomJS/2.0.0 Safari/538.1","webSecurityEnabled":true}
[INFO  - 2016-12-22T14:39:54.480Z] Session [80c793b0-c854-11e6-9a91-1b18f294a869] - page.customHeaders:  - {}
[INFO  - 2016-12-22T14:39:54.481Z] Session [80c793b0-c854-11e6-9a91-1b18f294a869] - Session.negotiatedCapabilities - {"browserName":"phantomjs","version":"2.0.0","driverName":"ghostdriver","driverVersion":"1.2.0","platform":"windows-8-32bit","javascriptEnabled":true,"takesScreenshot":true,"handlesAlerts":false,"databaseEnabled":false,"locationContextEnabled":false,"applicationCacheEnabled":false,"browserConnectionEnabled":false,"cssSelectorsEnabled":true,"webStorageEnabled":false,"rotatable":false,"acceptSslCerts":false,"nativeEvents":true,"proxy":{"proxyType":"direct"}}
[INFO  - 2016-12-22T14:39:54.481Z] SessionManagerReqHand - _postNewSessionCommand - New Session Created: 80c793b0-c854-11e6-9a91-1b18f294a869
[INFO  - 2016-12-22T14:39:54.797Z] ShutdownReqHand - _handle - About to shutdown
[INFO  - 2016-12-22T14:41:35.568Z] GhostDriver - Main - running on port 47735
[INFO  - 2016-12-22T14:41:35.851Z] Session [bd336950-c854-11e6-ba15-eb01eac9cbae] - page.settings - {"XSSAuditingEnabled":false,"javascriptCanCloseWindows":true,"javascriptCanOpenWindows":true,"javascriptEnabled":true,"loadImages":true,"localToRemoteUrlAccessEnabled":false,"userAgent":"Mozilla/5.0 (Windows NT 6.2; WOW64) AppleWebKit/538.1 (KHTML, like Gecko) PhantomJS/2.0.0 Safari/538.1","webSecurityEnabled":true}
[INFO  - 2016-12-22T14:41:35.851Z] Session [bd336950-c854-11e6-ba15-eb01eac9cbae] - page.customHeaders:  - {}
[INFO  - 2016-12-22T14:41:35.851Z] Session [bd336950-c854-11e6-ba15-eb01eac9cbae] - Session.negotiatedCapabilities - {"browserName":"phantomjs","version":"2.0.0","driverName":"ghostdriver","driverVersion":"1.2.0","platform":"windows-8-32bit","javascriptEnabled":true,"takesScreenshot":true,"handlesAlerts":false,"databaseEnabled":false,"locationContextEnabled":false,"applicationCacheEnabled":false,"browserConnectionEnabled":false,"cssSelectorsEnabled":true,"webStorageEnabled":false,"rotatable":false,"acceptSslCerts":false,"nativeEvents":true,"proxy":{"proxyType":"direct"}}
[INFO  - 2016-12-22T14:41:35.851Z] SessionManagerReqHand - _postNewSessionCommand - New Session Created: bd336950-c854-11e6-ba15-eb01eac9cbae
[INFO  - 2016-12-22T14:41:36.150Z] ShutdownReqHand - _handle - About to shutdown
[INFO  - 2016-12-22T14:44:00.869Z] GhostDriver - Main - running on port 44242
[INFO  - 2016-12-22T14:44:01.073Z] Session [13c287b0-c855-11e6-8b36-fbcbbebf7ed8] - page.settings - {"XSSAuditingEnabled":false,"javascriptCanCloseWindows":true,"javascriptCanOpenWindows":true,"javascriptEnabled":true,"loadImages":true,"localToRemoteUrlAccessEnabled":false,"userAgent":"Mozilla/5.0 (Windows NT 6.2; WOW64) AppleWebKit/538.1 (KHTML, like Gecko) PhantomJS/2.0.0 Safari/538.1","webSecurityEnabled":true}
[INFO  - 2016-12-22T14:44:01.073Z] Session [13c287b0-c855-11e6-8b36-fbcbbebf7ed8] - page.customHeaders:  - {}
[INFO  - 2016-12-22T14:44:01.073Z] Session [13c287b0-c855-11e6-8b36-fbcbbebf7ed8] - Session.negotiatedCapabilities - {"browserName":"phantomjs","version":"2.0.0","driverName":"ghostdriver","driverVersion":"1.2.0","platform":"windows-8-32bit","javascriptEnabled":true,"takesScreenshot":true,"handlesAlerts":false,"databaseEnabled":false,"locationContextEnabled":false,"applicationCacheEnabled":false,"browserConnectionEnabled":false,"cssSelectorsEnabled":true,"webStorageEnabled":false,"rotatable":false,"acceptSslCerts":false,"nativeEvents":true,"proxy":{"proxyType":"direct"}}
[INFO  - 2016-12-22T14:44:01.073Z] SessionManagerReqHand - _postNewSessionCommand - New Session Created: 13c287b0-c855-11e6-8b36-fbcbbebf7ed8
[INFO  - 2016-12-22T14:44:01.402Z] ShutdownReqHand - _handle - About to shutdown
[INFO  - 2016-12-22T14:45:04.479Z] GhostDriver - Main - running on port 34378
[INFO  - 2016-12-22T14:45:05.208Z] Session [39fcc120-c855-11e6-b112-39a84fd70d93] - page.settings - {"XSSAuditingEnabled":false,"javascriptCanCloseWindows":true,"javascriptCanOpenWindows":true,"javascriptEnabled":true,"loadImages":true,"localToRemoteUrlAccessEnabled":false,"userAgent":"Mozilla/5.0 (Windows NT 6.2; WOW64) AppleWebKit/538.1 (KHTML, like Gecko) PhantomJS/2.0.0 Safari/538.1","webSecurityEnabled":true}
[INFO  - 2016-12-22T14:45:05.208Z] Session [39fcc120-c855-11e6-b112-39a84fd70d93] - page.customHeaders:  - {}
[INFO  - 2016-12-22T14:45:05.208Z] Session [39fcc120-c855-11e6-b112-39a84fd70d93] - Session.negotiatedCapabilities - {"browserName":"phantomjs","version":"2.0.0","driverName":"ghostdriver","driverVersion":"1.2.0","platform":"windows-8-32bit","javascriptEnabled":true,"takesScreenshot":true,"handlesAlerts":false,"databaseEnabled":false,"locationContextEnabled":false,"applicationCacheEnabled":false,"browserConnectionEnabled":false,"cssSelectorsEnabled":true,"webStorageEnabled":false,"rotatable":false,"acceptSslCerts":false,"nativeEvents":true,"proxy":{"proxyType":"direct"}}
[INFO  - 2016-12-22T14:45:05.208Z] SessionManagerReqHand - _postNewSessionCommand - New Session Created: 39fcc120-c855-11e6-b112-39a84fd70d93
[INFO  - 2016-12-22T14:45:05.515Z] ShutdownReqHand - _handle - About to shutdown
[INFO  - 2016-12-22T14:49:16.210Z] GhostDriver - Main - running on port 15825
[INFO  - 2016-12-22T14:49:16.478Z] Session [cfc1aa90-c855-11e6-bf03-e1636ef0098f] - page.settings - {"XSSAuditingEnabled":false,"javascriptCanCloseWindows":true,"javascriptCanOpenWindows":true,"javascriptEnabled":true,"loadImages":true,"localToRemoteUrlAccessEnabled":false,"userAgent":"Mozilla/5.0 (Windows NT 6.2; WOW64) AppleWebKit/538.1 (KHTML, like Gecko) PhantomJS/2.0.0 Safari/538.1","webSecurityEnabled":true}
[INFO  - 2016-12-22T14:49:16.478Z] Session [cfc1aa90-c855-11e6-bf03-e1636ef0098f] - page.customHeaders:  - {}
[INFO  - 2016-12-22T14:49:16.478Z] Session [cfc1aa90-c855-11e6-bf03-e1636ef0098f] - Session.negotiatedCapabilities - {"browserName":"phantomjs","version":"2.0.0","driverName":"ghostdriver","driverVersion":"1.2.0","platform":"windows-8-32bit","javascriptEnabled":true,"takesScreenshot":true,"handlesAlerts":false,"databaseEnabled":false,"locationContextEnabled":false,"applicationCacheEnabled":false,"browserConnectionEnabled":false,"cssSelectorsEnabled":true,"webStorageEnabled":false,"rotatable":false,"acceptSslCerts":false,"nativeEvents":true,"proxy":{"proxyType":"direct"}}
[INFO  - 2016-12-22T14:49:16.479Z] SessionManagerReqHand - _postNewSessionCommand - New Session Created: cfc1aa90-c855-11e6-bf03-e1636ef0098f
[INFO  - 2016-12-22T14:49:16.840Z] ShutdownReqHand - _handle - About to shutdown
[INFO  - 2016-12-22T14:50:44.994Z] GhostDriver - Main - running on port 23405
[INFO  - 2016-12-22T14:50:45.293Z] Session [04b1c280-c856-11e6-a5b2-7b63fa23a043] - page.settings - {"XSSAuditingEnabled":false,"javascriptCanCloseWindows":true,"javascriptCanOpenWindows":true,"javascriptEnabled":true,"loadImages":true,"localToRemoteUrlAccessEnabled":false,"userAgent":"Mozilla/5.0 (Windows NT 6.2; WOW64) AppleWebKit/538.1 (KHTML, like Gecko) PhantomJS/2.0.0 Safari/538.1","webSecurityEnabled":true}
[INFO  - 2016-12-22T14:50:45.293Z] Session [04b1c280-c856-11e6-a5b2-7b63fa23a043] - page.customHeaders:  - {}
[INFO  - 2016-12-22T14:50:45.293Z] Session [04b1c280-c856-11e6-a5b2-7b63fa23a043] - Session.negotiatedCapabilities - {"browserName":"phantomjs","version":"2.0.0","driverName":"ghostdriver","driverVersion":"1.2.0","platform":"windows-8-32bit","javascriptEnabled":true,"takesScreenshot":true,"handlesAlerts":false,"databaseEnabled":false,"locationContextEnabled":false,"applicationCacheEnabled":false,"browserConnectionEnabled":false,"cssSelectorsEnabled":true,"webStorageEnabled":false,"rotatable":false,"acceptSslCerts":false,"nativeEvents":true,"proxy":{"proxyType":"direct"}}
[INFO  - 2016-12-22T14:50:45.293Z] SessionManagerReqHand - _postNewSessionCommand - New Session Created: 04b1c280-c856-11e6-a5b2-7b63fa23a043
[INFO  - 2016-12-22T14:50:45.600Z] ShutdownReqHand - _handle - About to shutdown
[INFO  - 2016-12-22T14:51:58.041Z] GhostDriver - Main - running on port 43546
[INFO  - 2016-12-22T14:51:58.352Z] Session [303dadb0-c856-11e6-a384-218c5cae85c1] - page.settings - {"XSSAuditingEnabled":false,"javascriptCanCloseWindows":true,"javascriptCanOpenWindows":true,"javascriptEnabled":true,"loadImages":true,"localToRemoteUrlAccessEnabled":false,"userAgent":"Mozilla/5.0 (Windows NT 6.2; WOW64) AppleWebKit/538.1 (KHTML, like Gecko) PhantomJS/2.0.0 Safari/538.1","webSecurityEnabled":true}
[INFO  - 2016-12-22T14:51:58.352Z] Session [303dadb0-c856-11e6-a384-218c5cae85c1] - page.customHeaders:  - {}
[INFO  - 2016-12-22T14:51:58.352Z] Session [303dadb0-c856-11e6-a384-218c5cae85c1] - Session.negotiatedCapabilities - {"browserName":"phantomjs","version":"2.0.0","driverName":"ghostdriver","driverVersion":"1.2.0","platform":"windows-8-32bit","javascriptEnabled":true,"takesScreenshot":true,"handlesAlerts":false,"databaseEnabled":false,"locationContextEnabled":false,"applicationCacheEnabled":false,"browserConnectionEnabled":false,"cssSelectorsEnabled":true,"webStorageEnabled":false,"rotatable":false,"acceptSslCerts":false,"nativeEvents":true,"proxy":{"proxyType":"direct"}}
[INFO  - 2016-12-22T14:51:58.353Z] SessionManagerReqHand - _postNewSessionCommand - New Session Created: 303dadb0-c856-11e6-a384-218c5cae85c1
[INFO  - 2016-12-22T14:51:58.653Z] ShutdownReqHand - _handle - About to shutdown
[INFO  - 2016-12-22T14:54:39.961Z] GhostDriver - Main - running on port 22836
[INFO  - 2016-12-22T14:54:40.248Z] Session [90bce520-c856-11e6-9333-7ba9f54c8a99] - page.settings - {"XSSAuditingEnabled":false,"javascriptCanCloseWindows":true,"javascriptCanOpenWindows":true,"javascriptEnabled":true,"loadImages":true,"localToRemoteUrlAccessEnabled":false,"userAgent":"Mozilla/5.0 (Windows NT 6.2; WOW64) AppleWebKit/538.1 (KHTML, like Gecko) PhantomJS/2.0.0 Safari/538.1","webSecurityEnabled":true}
[INFO  - 2016-12-22T14:54:40.248Z] Session [90bce520-c856-11e6-9333-7ba9f54c8a99] - page.customHeaders:  - {}
[INFO  - 2016-12-22T14:54:40.248Z] Session [90bce520-c856-11e6-9333-7ba9f54c8a99] - Session.negotiatedCapabilities - {"browserName":"phantomjs","version":"2.0.0","driverName":"ghostdriver","driverVersion":"1.2.0","platform":"windows-8-32bit","javascriptEnabled":true,"takesScreenshot":true,"handlesAlerts":false,"databaseEnabled":false,"locationContextEnabled":false,"applicationCacheEnabled":false,"browserConnectionEnabled":false,"cssSelectorsEnabled":true,"webStorageEnabled":false,"rotatable":false,"acceptSslCerts":false,"nativeEvents":true,"proxy":{"proxyType":"direct"}}
[INFO  - 2016-12-22T14:54:40.248Z] SessionManagerReqHand - _postNewSessionCommand - New Session Created: 90bce520-c856-11e6-9333-7ba9f54c8a99
[INFO  - 2016-12-22T14:54:40.550Z] ShutdownReqHand - _handle - About to shutdown
